Arguments: 
  /usr/bin/node /usr/share/yarn/bin/yarn.js

PATH: 
  /home/ml2529/.local/bin:/home/ml2529/perl5/bin:/usr/local/sbin:/usr/local/bin:/usr/sbin:/usr/bin:/sbin:/bin:/usr/games:/usr/local/games:/snap/bin

Yarn version: 
  1.19.0

Node version: 
  8.16.2

Platform: 
  linux x64

Trace: 
  SyntaxError: /home/ml2529/RC2/PKD_portal/package.json: Unexpected token } in JSON at position 474
      at JSON.parse (<anonymous>)
      at /usr/share/yarn/lib/cli.js:1625:59
      at Generator.next (<anonymous>)
      at step (/usr/share/yarn/lib/cli.js:304:30)
      at /usr/share/yarn/lib/cli.js:315:13
      at <anonymous>

npm manifest: 
  {
    "name": "gtex-d3",
    "version": "0.0.1",
    "description": "GTEx D3 Repository",
    "main": "index.js",
    "scripts": {
      "test": "echo \"Error: no test specified\" && exit 1"
    },
    "author": "Katherine Huang",
    "license": "BSD-3-Clause",
    "devDependencies": {
      "d3": "^5.15.0",
      "rollup-plugin-copy": "^0.2.3",
      "rollup-plugin-node-resolve": "^3.4.0",
      "rollup-plugin-replace": "^2.2.0",
      "rollup-plugin-uglify": "^2.0.1",
      "uglify-es": "^3.3.9",
    },
    "dependencies": {
      "d3": "^5.0.0",
      "uglify-es": "^3.3.9"
    }
  }

yarn manifest: 
  No manifest

Lockfile: 
  No lockfile
