Arguments: 
  /usr/bin/node /usr/share/yarn/bin/yarn.js

PATH: 
  /home/ml2529/.local/bin:/usr/local/sbin:/usr/local/bin:/usr/sbin:/usr/bin:/sbin:/bin:/usr/games:/usr/local/games:/snap/bin

Yarn version: 
  1.22.4

Node version: 
  14.13.1

Platform: 
  linux x64

Trace: 
  SyntaxError: /home/ml2529/PKD_portal/package.json: Unexpected token } in JSON at position 474
      at JSON.parse (<anonymous>)
      at /usr/share/yarn/lib/cli.js:1625:59
      at Generator.next (<anonymous>)
      at step (/usr/share/yarn/lib/cli.js:310:30)
      at /usr/share/yarn/lib/cli.js:321:13

npm manifest: 
  {
    "name": "@broad/api",
    "version": "1.0.0",
    "description": "",
    "keywords": [],
    "author": "",
    "license": "ISC",
    "dependencies": {
      "compression": "^1.7.4",
      "cors": "^2.8.5",
      "elasticsearch": "15.4.0",
      "express": "^4.16.4",
      "express-graphql": "^0.8.0",
      "graphql": "^14.2.1",
      "ioredis": "^4.9.0",
      "lodash": "^4.17.11",
      "mongodb": "^3.2.2",
      "serve-static": "^1.13.2",
      "sqlite": "^3.0.0",
      "webpack": "^4.30.0",
      "webpack-cli": "^3.3.1",
      "webpack-dev-server": "^3.3.1",
      "nodemon": "^1.18.11"
    }
  }

yarn manifest: 
  No manifest

Lockfile: 
  No lockfile
